[01:03:54] [Server thread/INFO]: Starting minecraft server version 1.8.3
[01:03:54] [Server thread/INFO]: Loading properties
[01:03:54] [Server thread/INFO]: Default game type: SURVIVAL
[01:03:55] [Server thread/INFO]: This server is running CraftBukkit version git-Spigot-4c7d0c0-7d020a7 (MC: 1.8.3) (Implementing API version 1.8.3-R0.1-SNAPSHOT)
[01:03:55] [Server thread/INFO]: Server Ping Player Sample Count: 12
[01:03:55] [Server thread/INFO]: Using 4 threads for Netty based IO
[01:03:55] [Server thread/INFO]: Debug logging is disabled
[01:03:55] [Server thread/INFO]: Generating keypair
[01:03:55] [Server thread/INFO]: Starting Minecraft server on *:25565
[01:03:55] [Server thread/INFO]: Using epoll channel type
[01:03:55] [Server thread/INFO]: Set PluginClassLoader as parallel capable
[01:03:55] [Server thread/INFO]: [OtfegTeleports] Loading OtfegTeleports v1.8.3
[01:03:55] [Server thread/INFO]: **** Beginning UUID conversion, this may take A LONG time ****
[01:03:55] [Server thread/INFO]: Preparing level "world"
[01:03:55] [Server thread/INFO]: -------- World Settings For [world] --------
[01:03:55] [Server thread/INFO]: Mob Spawn Range: 4
[01:03:55] [Server thread/INFO]: Anti X-Ray: true
[01:03:55] [Server thread/INFO]: 	Engine Mode: 1
[01:03:55] [Server thread/INFO]: 	Hidden Blocks: [14, 15, 16, 21, 48, 49, 54, 56, 73, 74, 82, 129, 130]
[01:03:55] [Server thread/INFO]: 	Replace Blocks: [1, 5]
[01:03:55] [Server thread/INFO]: Nerfing mobs spawned from spawners: false
[01:03:55] [Server thread/INFO]: Cactus Growth Modifier: 100%
[01:03:55] [Server thread/INFO]: Cane Growth Modifier: 100%
[01:03:55] [Server thread/INFO]: Melon Growth Modifier: 100%
[01:03:55] [Server thread/INFO]: Mushroom Growth Modifier: 100%
[01:03:55] [Server thread/INFO]: Pumpkin Growth Modifier: 100%
[01:03:55] [Server thread/INFO]: Sapling Growth Modifier: 100%
[01:03:55] [Server thread/INFO]: Wheat Growth Modifier: 100%
[01:03:55] [Server thread/INFO]: Entity Activation Range: An 32 / Mo 32 / Mi 16
[01:03:55] [Server thread/INFO]: Entity Tracking Range: Pl 48 / An 48 / Mo 48 / Mi 32 / Other 64
[01:03:55] [Server thread/INFO]: Hopper Transfer: 8 Hopper Check: 8 Hopper Amount: 1
[01:03:55] [Server thread/INFO]: Random Lighting Updates: false
[01:03:55] [Server thread/INFO]: Structure Info Saving: true
[01:03:55] [Server thread/INFO]: Sending up to 10 chunks per packet
[01:03:55] [Server thread/INFO]: Max Entity Collisions: 8
[01:03:55] [Server thread/INFO]: Custom Map Seeds:  Village: 10387312 Feature: 14357617
[01:03:55] [Server thread/INFO]: Max TNT Explosions: 100
[01:03:55] [Server thread/INFO]: Tile Max Tick Time: 50ms Entity max Tick Time: 50ms
[01:03:55] [Server thread/INFO]: Item Despawn Rate: 6000
[01:03:55] [Server thread/INFO]: Item Merge Radius: 2.5
[01:03:55] [Server thread/INFO]: Arrow Despawn Rate: 1200
[01:03:55] [Server thread/INFO]: Allow Zombie Pigmen to spawn from portal blocks: true
[01:03:55] [Server thread/INFO]: View Distance: 10
[01:03:55] [Server thread/INFO]: Zombie Aggressive Towards Villager: true
[01:03:55] [Server thread/INFO]: Chunks to Grow per Tick: 650
[01:03:55] [Server thread/INFO]: Clear tick list: false
[01:03:55] [Server thread/INFO]: Experience Merge Radius: 3.0
[01:03:55] [Server thread/INFO]: -------- World Settings For [world_nether] --------
[01:03:55] [Server thread/INFO]: Mob Spawn Range: 4
[01:03:55] [Server thread/INFO]: Anti X-Ray: true
[01:03:55] [Server thread/INFO]: 	Engine Mode: 1
[01:03:55] [Server thread/INFO]: 	Hidden Blocks: [14, 15, 16, 21, 48, 49, 54, 56, 73, 74, 82, 129, 130]
[01:03:55] [Server thread/INFO]: 	Replace Blocks: [1, 5]
[01:03:55] [Server thread/INFO]: Nerfing mobs spawned from spawners: false
[01:03:55] [Server thread/INFO]: Cactus Growth Modifier: 100%
[01:03:55] [Server thread/INFO]: Cane Growth Modifier: 100%
[01:03:55] [Server thread/INFO]: Melon Growth Modifier: 100%
[01:03:55] [Server thread/INFO]: Mushroom Growth Modifier: 100%
[01:03:55] [Server thread/INFO]: Pumpkin Growth Modifier: 100%
[01:03:55] [Server thread/INFO]: Sapling Growth Modifier: 100%
[01:03:55] [Server thread/INFO]: Wheat Growth Modifier: 100%
[01:03:55] [Server thread/INFO]: Entity Activation Range: An 32 / Mo 32 / Mi 16
[01:03:55] [Server thread/INFO]: Entity Tracking Range: Pl 48 / An 48 / Mo 48 / Mi 32 / Other 64
[01:03:55] [Server thread/INFO]: Hopper Transfer: 8 Hopper Check: 8 Hopper Amount: 1
[01:03:55] [Server thread/INFO]: Random Lighting Updates: false
[01:03:55] [Server thread/INFO]: Structure Info Saving: true
[01:03:55] [Server thread/INFO]: Sending up to 10 chunks per packet
[01:03:55] [Server thread/INFO]: Max Entity Collisions: 8
[01:03:55] [Server thread/INFO]: Custom Map Seeds:  Village: 10387312 Feature: 14357617
[01:03:55] [Server thread/INFO]: Max TNT Explosions: 100
[01:03:55] [Server thread/INFO]: Tile Max Tick Time: 50ms Entity max Tick Time: 50ms
[01:03:55] [Server thread/INFO]: Item Despawn Rate: 6000
[01:03:55] [Server thread/INFO]: Item Merge Radius: 2.5
[01:03:55] [Server thread/INFO]: Arrow Despawn Rate: 1200
[01:03:55] [Server thread/INFO]: Allow Zombie Pigmen to spawn from portal blocks: true
[01:03:55] [Server thread/INFO]: View Distance: 10
[01:03:55] [Server thread/INFO]: Zombie Aggressive Towards Villager: true
[01:03:55] [Server thread/INFO]: Chunks to Grow per Tick: 650
[01:03:55] [Server thread/INFO]: Clear tick list: false
[01:03:55] [Server thread/INFO]: Experience Merge Radius: 3.0
[01:03:55] [Server thread/INFO]: -------- World Settings For [world_the_end] --------
[01:03:55] [Server thread/INFO]: Mob Spawn Range: 4
[01:03:55] [Server thread/INFO]: Anti X-Ray: true
[01:03:55] [Server thread/INFO]: 	Engine Mode: 1
[01:03:55] [Server thread/INFO]: 	Hidden Blocks: [14, 15, 16, 21, 48, 49, 54, 56, 73, 74, 82, 129, 130]
[01:03:55] [Server thread/INFO]: 	Replace Blocks: [1, 5]
[01:03:55] [Server thread/INFO]: Nerfing mobs spawned from spawners: false
[01:03:55] [Server thread/INFO]: Cactus Growth Modifier: 100%
[01:03:55] [Server thread/INFO]: Cane Growth Modifier: 100%
[01:03:55] [Server thread/INFO]: Melon Growth Modifier: 100%
[01:03:55] [Server thread/INFO]: Mushroom Growth Modifier: 100%
[01:03:55] [Server thread/INFO]: Pumpkin Growth Modifier: 100%
[01:03:55] [Server thread/INFO]: Sapling Growth Modifier: 100%
[01:03:55] [Server thread/INFO]: Wheat Growth Modifier: 100%
[01:03:55] [Server thread/INFO]: Entity Activation Range: An 32 / Mo 32 / Mi 16
[01:03:55] [Server thread/INFO]: Entity Tracking Range: Pl 48 / An 48 / Mo 48 / Mi 32 / Other 64
[01:03:55] [Server thread/INFO]: Hopper Transfer: 8 Hopper Check: 8 Hopper Amount: 1
[01:03:55] [Server thread/INFO]: Random Lighting Updates: false
[01:03:55] [Server thread/INFO]: Structure Info Saving: true
[01:03:55] [Server thread/INFO]: Sending up to 10 chunks per packet
[01:03:55] [Server thread/INFO]: Max Entity Collisions: 8
[01:03:55] [Server thread/INFO]: Custom Map Seeds:  Village: 10387312 Feature: 14357617
[01:03:55] [Server thread/INFO]: Max TNT Explosions: 100
[01:03:55] [Server thread/INFO]: Tile Max Tick Time: 50ms Entity max Tick Time: 50ms
[01:03:55] [Server thread/INFO]: Item Despawn Rate: 6000
[01:03:55] [Server thread/INFO]: Item Merge Radius: 2.5
[01:03:55] [Server thread/INFO]: Arrow Despawn Rate: 1200
[01:03:55] [Server thread/INFO]: Allow Zombie Pigmen to spawn from portal blocks: true
[01:03:55] [Server thread/INFO]: View Distance: 10
[01:03:55] [Server thread/INFO]: Zombie Aggressive Towards Villager: true
[01:03:55] [Server thread/INFO]: Chunks to Grow per Tick: 650
[01:03:55] [Server thread/INFO]: Clear tick list: false
[01:03:55] [Server thread/INFO]: Experience Merge Radius: 3.0
[01:03:55] [Server thread/INFO]: Preparing start region for level 0 (Seed: 8536337466541726947)
[01:03:56] [Server thread/INFO]: Preparing spawn area: 78%
[01:03:56] [Server thread/INFO]: Preparing start region for level 1 (Seed: 8536337466541726947)
[01:03:57] [Server thread/INFO]: Preparing start region for level 2 (Seed: 8536337466541726947)
[01:03:57] [Server thread/INFO]: [OtfegTeleports] Enabling OtfegTeleports v1.8.3
[01:03:57] [Server thread/INFO]: Server permissions file permissions.yml is empty, ignoring it
[01:03:57] [Server thread/INFO]: Done (2.270s)! For help, type "help" or "?"
[01:04:06] [User Authenticator #1/INFO]: UUID of player otfeg is 85d0d9a8-160f-433e-b445-37304519dee7
[01:04:06] [Server thread/INFO]: [OtfegTeleports] Player Teleported.
[01:04:06] [Server thread/INFO]: otfeg[/127.0.0.1:47879] logged in with entity id 262 at ([world]1.5, 100.0, 100.5)
[01:04:16] [Server thread/INFO]: otfeg issued server command: /time set day
[01:04:16] [Server thread/INFO]: [otfeg: Set the time to 1000]
[01:04:19] [Server thread/INFO]: otfeg issued server command: /back
[01:04:29] [Server thread/INFO]: [OtfegTeleports] Player Teleported.
[01:04:37] [Server thread/INFO]: otfeg issued server command: /tp 1 100 100
[01:04:37] [Server thread/INFO]: [OtfegTeleports] Player Teleported.
[01:04:37] [Server thread/INFO]: [otfeg: Teleported otfeg to 1.5, 100.0, 100.5]
[01:04:42] [Server thread/INFO]: otfeg issued server command: /tp 1 100 1
[01:04:42] [Server thread/INFO]: [OtfegTeleports] Player Teleported.
[01:04:42] [Server thread/INFO]: [otfeg: Teleported otfeg to 1.5, 100.0, 1.5]
[01:04:45] [Server thread/INFO]: otfeg issued server command: /back
[01:04:55] [Server thread/INFO]: [OtfegTeleports] Player Teleported.
[01:04:58] [Server thread/INFO]: otfeg issued server command: /back
[01:05:08] [Server thread/INFO]: [OtfegTeleports] Player Teleported.
[03:39:51] [Server thread/INFO]: otfeg lost connection: Internal Exception: java.io.IOException: Error while read(...): Connection reset by peer
[03:39:51] [Server thread/INFO]: otfeg left the game.
[03:40:00] [Server thread/INFO]: Stopping the server
[03:40:00] [Server thread/INFO]: Stopping server
[03:40:00] [Server thread/INFO]: [OtfegTeleports] Disabling OtfegTeleports v1.8.3
[03:40:00] [Server thread/INFO]: Saving players
[03:40:00] [Server thread/INFO]: Saving worlds
[03:40:00] [Server thread/INFO]: Saving chunks for level 'world'/Overworld
[03:40:00] [Server thread/INFO]: Saving chunks for level 'world_nether'/Nether
[03:40:00] [Server thread/INFO]: Saving chunks for level 'world_the_end'/The End
